Signing rebuild log - Fri Jan 30 18:47:19 UTC 2026
Zipaligning...
Verifying alignment of /workspaces/Ciro/apkfinal/app-release-aligned.apk (4)...
      87 META-INF/com/android/build/gradle/app-metadata.properties (OK - compressed)
     207 META-INF/version-control-info.textproto (OK - compressed)
     312 assets/dexopt/baseline.prof (OK)
    2060 assets/dexopt/baseline.profm (OK)
    2288 classes.dex (OK)
 8448047 DebugProbesKt.bin (OK - compressed)
 8448900 META-INF/androidx.activity_activity.version (OK)
 8448996 META-INF/androidx.annotation_annotation-experimental.version (OK)
 8449088 META-INF/androidx.appcompat_appcompat-resources.version (OK)
 8449172 META-INF/androidx.appcompat_appcompat.version (OK)
 8449256 META-INF/androidx.arch.core_core-runtime.version (OK)
 8449336 META-INF/androidx.cardview_cardview.version (OK)
 8449436 META-INF/androidx.coordinatorlayout_coordinatorlayout.version (OK)
 8449512 META-INF/androidx.core_core-ktx.version (OK)
 8449584 META-INF/androidx.core_core.version (OK)
 8449676 META-INF/androidx.cursoradapter_cursoradapter.version (OK)
 8449760 META-INF/androidx.customview_customview.version (OK)
 8449848 META-INF/androidx.documentfile_documentfile.version (OK)
 8449936 META-INF/androidx.drawerlayout_drawerlayout.version (OK)
 8450032 META-INF/androidx.dynamicanimation_dynamicanimation.version (OK)
 8450120 META-INF/androidx.emoji2_emoji2-views-helper.version (OK)
 8450196 META-INF/androidx.emoji2_emoji2.version (OK)
 8450276 META-INF/androidx.fragment_fragment.version (OK)
 8450364 META-INF/androidx.interpolator_interpolator.version (OK)
 8450460 META-INF/androidx.legacy_legacy-support-core-utils.version (OK)
 8450556 META-INF/androidx.lifecycle_lifecycle-livedata-core.version (OK)
 8450648 META-INF/androidx.lifecycle_lifecycle-livedata.version (OK)
 8450740 META-INF/androidx.lifecycle_lifecycle-process.version (OK)
 8450832 META-INF/androidx.lifecycle_lifecycle-runtime.version (OK)
 8450936 META-INF/androidx.lifecycle_lifecycle-viewmodel-savedstate.version (OK)
 8451028 META-INF/androidx.lifecycle_lifecycle-viewmodel.version (OK)
 8451104 META-INF/androidx.loader_loader.version (OK)
 8451212 META-INF/androidx.localbroadcastmanager_localbroadcastmanager.version (OK)
 8451288 META-INF/androidx.print_print.version (OK)
 8451376 META-INF/androidx.recyclerview_recyclerview.version (OK)
 8451460 META-INF/androidx.savedstate_savedstate.version (OK)
 8451548 META-INF/androidx.startup_startup-runtime.version (OK)
 8451628 META-INF/androidx.tracing_tracing.version (OK)
 8451712 META-INF/androidx.transition_transition.version (OK)
 8451812 META-INF/androidx.vectordrawable_vectordrawable-animated.version (OK)
 8451904 META-INF/androidx.vectordrawable_vectordrawable.version (OK)
 8452008 META-INF/androidx.versionedparcelable_versionedparcelable.version (OK)
 8452092 META-INF/androidx.viewpager2_viewpager2.version (OK)
 8452176 META-INF/androidx.viewpager_viewpager.version (OK)
 8452268 META-INF/com.google.android.material_material.version (OK)
 8452348 META-INF/kotlinx_coroutines_android.version (OK)
 8452424 META-INF/kotlinx_coroutines_core.version (OK)
 8452521 META-INF/services/kotlinx.coroutines.CoroutineExceptionHandler (OK - compressed)
 8452668 META-INF/services/kotlinx.coroutines.internal.MainDispatcherFactory (OK - compressed)
 8452775 kotlin-tooling-metadata.json (OK - compressed)
 8453129 kotlin/annotation/annotation.kotlin_builtins (OK - compressed)
 8453766 kotlin/collections/collections.kotlin_builtins (OK - compressed)
 8455361 kotlin/coroutines/coroutines.kotlin_builtins (OK - compressed)
 8455588 kotlin/internal/internal.kotlin_builtins (OK - compressed)
 8456041 kotlin/kotlin.kotlin_builtins (OK - compressed)
 8461359 kotlin/ranges/ranges.kotlin_builtins (OK - compressed)
 8462719 kotlin/reflect/reflect.kotlin_builtins (OK - compressed)
 8464034 AndroidManifest.xml (OK - compressed)
 8465795 res/-1.xml (OK - compressed)
 8466178 res/-5.xml (OK - compressed)
 8466425 res/-7.xml (OK - compressed)
 8466840 res/-B.png (OK)
 8467161 res/-B.xml (OK - compressed)
 8467504 res/-N.png (OK)
 8467862 res/-Q.xml (OK - compressed)
 8468201 res/0C.xml (OK - compressed)
 8468622 res/0M.xml (OK - compressed)
 8469004 res/0c.9.png (OK)
 8469316 res/0x.9.png (OK)
 8469568 res/1I.9.png (OK)
 8471916 res/1J.9.png (OK)
 8473687 res/1R.xml (OK - compressed)
 8474000 res/1Z.xml (OK - compressed)
 8474344 res/1e.9.png (OK)
 8474555 res/1v.xml (OK - compressed)
 8474974 res/20.xml (OK - compressed)
 8475312 res/21.xml (OK - compressed)
 8475664 res/27.xml (OK - compressed)
 8476004 res/271.xml (OK - compressed)
 8476218 res/2F.xml (OK - compressed)
 8476548 res/2K.9.png (OK)
 8476816 res/2P.png (OK)
 8477118 res/2R.xml (OK - compressed)
 8477680 res/2d.png (OK)
 8477865 res/2f.xml (OK - compressed)
 8478573 res/2i.xml (OK - compressed)
 8478820 res/2j.xml (OK - compressed)
 8479667 res/2n.xml (OK - compressed)
 8480251 res/2w.xml (OK - compressed)
 8480793 res/2x.xml (OK - compressed)
 8481172 res/33.9.png (OK)
 8481753 res/3A.xml (OK - compressed)
 8482290 res/3R.xml (OK - compressed)
 8482634 res/3h.xml (OK - compressed)
 8483024 res/3u.9.png (OK)
 8483324 res/42.9.png (OK)
 8483578 res/46.xml (OK - compressed)
 8484000 res/49.png (OK)
 8484635 res/4B.xml (OK - compressed)
 8484940 res/4H.xml (OK - compressed)
 8485292 res/4I.xml (OK - compressed)
 8485695 res/4P.xml (OK - compressed)
 8486011 res/4Q.xml (OK - compressed)
 8486262 res/4S.xml (OK - compressed)
 8486683 res/4_.xml (OK - compressed)
 8487108 res/4k.png (OK)
 8487349 res/4o.xml (OK - compressed)
 8487709 res/4u.xml (OK - compressed)
 8488039 res/4x.xml (OK - compressed)
 8488497 res/51.xml (OK - compressed)
 8488911 res/59.xml (OK - compressed)
 8489272 res/5D.9.png (OK)
 8489584 res/5T.xml (OK - compressed)
 8490004 res/5U.png (OK)
 8490440 res/5Y.xml (OK - compressed)
 8490804 res/5c.png (OK)
 8490982 res/5l.xml (OK - compressed)
 8491389 res/5z.xml (OK - compressed)
 8491824 res/61.xml (OK - compressed)
 8492220 res/62.9.png (OK)
 8492472 res/65.9.png (OK)
 8492747 res/66.xml (OK - compressed)
 8493209 res/68.xml (OK - compressed)
 8493566 res/6Q.xml (OK - compressed)
 8493908 res/6t.png (OK)
 8494175 res/6x.xml (OK - compressed)
 8494476 res/7C.9.png (OK)
 8494946 res/7G.xml (OK - compressed)
 8495510 res/7H.xml (OK - compressed)
 8495784 res/7I.9.png (OK)
 8496169 res/7N.xml (OK - compressed)
 8496394 res/7R.xml (OK - compressed)
 8496604 res/7_.9.png (OK)
 8497460 res/7i.png (OK)
 8497968 res/7o.9.png (OK)
 8498533 res/7s.xml (OK - compressed)
 8498858 res/7s1.xml (OK - compressed)
 8499193 res/80.xml (OK - compressed)
 8500076 res/8h.9.png (OK)
 8500324 res/8h.png (OK)
 8501310 res/8s.xml (OK - compressed)
 8501693 res/8y.xml (OK - compressed)
 8502184 res/9N.9.png (OK)
 8502411 res/9O.xml (OK - compressed)
 8502935 res/9P.xml (OK - compressed)
 8503306 res/9T.xml (OK - compressed)
 8503741 res/9T1.xml (OK - compressed)
 8504210 res/9T2.xml (OK - compressed)
 8504623 res/9V.xml (OK - compressed)
 8505312 res/9X.9.png (OK)
 8505544 res/9m.xml (OK - compressed)
 8505760 res/9n.9.png (OK)
 8505978 res/9p.xml (OK - compressed)
 8506280 res/9z.png (OK)
 8506913 res/9z.xml (OK - compressed)
 8507185 res/A0.xml (OK - compressed)
 8507892 res/A1.xml (OK - compressed)
 8508321 res/A4.xml (OK - compressed)
 8508662 res/A5.xml (OK - compressed)
 8509319 res/AB.xml (OK - compressed)
 8510025 res/Aa.xml (OK - compressed)
 8510392 res/B6.xml (OK - compressed)
 8510748 res/BG.9.png (OK)
 8510978 res/BJ.xml (OK - compressed)
 8511360 res/BJ1.xml (OK - compressed)
 8511796 res/BL.9.png (OK)
 8512068 res/BM.png (OK)
 8512267 res/BT.xml (OK - compressed)
 8512620 res/BW.xml (OK - compressed)
 8512883 res/Bd.xml (OK - compressed)
 8513141 res/Be.xml (OK - compressed)
 8514016 res/By.xml (OK - compressed)
 8514376 res/By1.xml (OK - compressed)
 8514676 res/CK.9.png (OK)
 8514964 res/C_.9.png (OK)
 8515219 res/Cg.xml (OK - compressed)
 8515459 res/D4.xml (OK - compressed)
 8515850 res/D5.xml (OK - compressed)
 8516343 res/D6.xml (OK - compressed)
 8516699 res/DG.xml (OK - compressed)
 8517080 res/DL.9.png (OK)
 8517298 res/DS.xml (OK - compressed)
 8517554 res/DV.xml (OK - compressed)
 8517985 res/DZ.xml (OK - compressed)
 8518220 res/D_.9.png (OK)
 8518440 res/EA.9.png (OK)
 8518680 res/EP.png (OK)
 8519030 res/EZ.xml (OK - compressed)
 8519298 res/Eg.xml (OK - compressed)
 8519889 res/F8.xml (OK - compressed)
 8520526 res/F81.xml (OK - compressed)
 8520904 res/FS.xml (OK - compressed)
 8521245 res/FT.xml (OK - compressed)
 8521856 res/FW.png (OK)
 8522203 res/Fq.xml (OK - compressed)
 8522421 res/Fu.xml (OK - compressed)
 8523016 res/G2.9.png (OK)
 8524299 res/G2.xml (OK - compressed)
 8524808 res/GC.xml (OK - compressed)
 8525303 res/GD.xml (OK - compressed)
 8525897 res/GF.xml (OK - compressed)
 8526187 res/GK.xml (OK - compressed)
 8526690 res/GQ.xml (OK - compressed)
 8527067 res/GR.xml (OK - compressed)
 8527577 res/GT.xml (OK - compressed)
 8527888 res/Gf.png (OK)
 8528916 res/Gt.9.png (OK)
 8529158 res/Gt.xml (OK - compressed)
 8529520 res/H-.png (OK)
 8529763 res/HC.xml (OK - compressed)
 8530115 res/HQ.xml (OK - compressed)
 8530575 res/Ha.xml (OK - compressed)
 8530931 res/Hd.xml (OK - compressed)
 8531242 res/I3.xml (OK - compressed)
 8531538 res/IR.xml (OK - compressed)
 8531944 res/IX.9.png (OK)
 8533528 res/Ib.xml (OK - compressed)
 8533929 res/Id.xml (OK - compressed)
 8534225 res/In.xml (OK - compressed)
 8534496 res/Ix.xml (OK - compressed)
 8534842 res/J7.xml (OK - compressed)
 8535317 res/JD.xml (OK - compressed)
 8535979 res/JD1.xml (OK - compressed)
 8536347 res/JF.xml (OK - compressed)
 8536568 res/JJ.9.png (OK)
 8536888 res/JQ.xml (OK - compressed)
 8537308 res/JT.xml (OK - compressed)
 8537666 res/JT1.xml (OK - compressed)
 8538096 res/Jl.xml (OK - compressed)
 8538367 res/Jw.xml (OK - compressed)
 8539184 res/K2.xml (OK - compressed)
 8539430 res/K5.xml (OK - compressed)
 8540127 res/K51.xml (OK - compressed)
 8540604 res/KH.9.png (OK)
 8541264 res/KM.png (OK)
 8541719 res/KT.xml (OK - compressed)
 8542080 res/K_.9.png (OK)
 8542336 res/Ke.xml (OK - compressed)
 8543036 res/L-.xml (OK - compressed)
 8544074 res/LJ.xml (OK - compressed)
 8544395 res/LT.xml (OK - compressed)
 8544752 res/L_.xml (OK - compressed)
 8545130 res/Lf.xml (OK - compressed)
 8545596 res/Li.9.png (OK)
 8547415 res/Lo.xml (OK - compressed)
 8547754 res/Lt.xml (OK - compressed)
 8548111 res/Lv.xml (OK - compressed)
 8548226 res/M2.xml (OK - compressed)
 8548568 res/M5.xml (OK - compressed)
 8548973 res/M7.xml (OK - compressed)
 8549412 res/MF.9.png (OK)
 8552268 res/MO.xml (OK - compressed)
 8552508 res/MQ.png (OK)
 8553061 res/MU.xml (OK - compressed)
 8553395 res/MZ.xml (OK - compressed)
 8553752 res/Ma.9.png (OK)
 8554039 res/Mp.xml (OK - compressed)
 8554455 res/Mt.xml (OK - compressed)
 8555012 res/N0.xml (OK - compressed)
 8555380 res/NA.9.png (OK)
 8557925 res/NB.xml (OK - compressed)
 8558176 res/NF.xml (OK - compressed)
 8558408 res/NG.png (OK)
 8558770 res/NM.xml (OK - compressed)
 8559034 res/NN.xml (OK - compressed)
 8559486 res/NN1.xml (OK - compressed)
 8559740 res/NZ.9.png (OK)
 8559964 res/Nk.9.png (OK)
 8560784 res/No.9.png (OK)
 8561023 res/Nu.xml (OK - compressed)
 8561766 res/Ny.xml (OK - compressed)
 8562100 res/OH.xml (OK - compressed)
 8562351 res/OX.xml (OK - compressed)
 8562707 res/Ol.xml (OK - compressed)
 8563425 res/PQ.xml (OK - compressed)
 8563778 res/PV.xml (OK - compressed)
 8564253 res/PX.xml (OK - compressed)
 8564676 res/Pa.9.png (OK)
 8565456 res/Pb.png (OK)
 8566132 res/Pg.9.png (OK)
 8566379 res/QD.xml (OK - compressed)
 8566743 res/QH.xml (OK - compressed)
 8567076 res/QJ.9.png (OK)
 8567305 res/QN.xml (OK - compressed)
 8567655 res/QN1.xml (OK - compressed)
 8567978 res/QZ.xml (OK - compressed)
 8568362 res/QZ1.xml (OK - compressed)
 8568470 res/Qd.xml (OK - compressed)
 8568945 res/Qp.xml (OK - compressed)
 8569298 res/Qr.xml (OK - compressed)
 8569639 res/Qt.xml (OK - compressed)
 8570193 res/Qu.xml (OK - compressed)
 8570703 res/R2.xml (OK - compressed)
 8571060 res/RD.xml (OK - compressed)
 8571327 res/RH.xml (OK - compressed)
 8571761 res/RI.xml (OK - compressed)
 8572041 res/RM.xml (OK - compressed)
 8572424 res/RV.png (OK)
 8573027 res/Ro.xml (OK - compressed)
 8573586 res/S6.xml (OK - compressed)
 8573938 res/S8.xml (OK - compressed)
 8574466 res/SG.xml (OK - compressed)
 8574740 res/SV.9.png (OK)
 8574991 res/Sc.xml (OK - compressed)
 8575420 res/Sr.xml (OK - compressed)
 8575876 res/Su.9.png (OK)
 8576094 res/T4.xml (OK - compressed)
 8576646 res/TB.xml (OK - compressed)
 8576900 res/TH.xml (OK - compressed)
 8577204 res/TJ.xml (OK - compressed)
 8577716 res/Tf.xml (OK - compressed)
 8578056 res/Th.png (OK)
 8578884 res/Tj.9.png (OK)
 8579251 res/Tm.xml (OK - compressed)
 8579726 res/Tn.xml (OK - compressed)
 8580164 res/U-.9.png (OK)
 8580427 res/U0.xml (OK - compressed)
 8580533 res/U7.xml (OK - compressed)
 8581247 res/U8.xml (OK - compressed)
 8582120 res/UE.9.png (OK)
 8582382 res/UE.xml (OK - compressed)
 8582752 res/UP.xml (OK - compressed)
 8583196 res/UR.png (OK)
 8583658 res/UX.xml (OK - compressed)
 8583957 res/Uf.xml (OK - compressed)
 8584605 res/V1.xml (OK - compressed)
 8585090 res/V3.xml (OK - compressed)
 8585465 res/V7.xml (OK - compressed)
 8585680 res/VM.xml (OK - compressed)
 8585910 res/VN.xml (OK - compressed)
 8586310 res/VT.xml (OK - compressed)
 8586704 res/W4.9.png (OK)
 8586961 res/WI.xml (OK - compressed)
 8587156 res/WK.xml (OK - compressed)
 8587572 res/Wh.png (OK)
 8587784 res/Wr.png (OK)
 8588159 res/Ws.xml (OK - compressed)
 8588672 res/Wz.png (OK)
 8588912 res/X3.9.png (OK)
 8589176 res/X4.9.png (OK)
 8589403 res/XK.xml (OK - compressed)
 8589684 res/XW.xml (OK - compressed)
 8589792 res/XY.xml (OK - compressed)
 8589984 res/Xe.xml (OK - compressed)
 8590378 res/Xf.xml (OK - compressed)
 8590752 res/Xx.xml (OK - compressed)
 8591037 res/Xz.xml (OK - compressed)
 8591344 res/Y7.9.png (OK)
 8591600 res/YG.9.png (OK)
 8591843 res/YN.xml (OK - compressed)
 8592196 res/YW.xml (OK - compressed)
 8592422 res/YW1.xml (OK - compressed)
 8592779 res/Yc.xml (OK - compressed)
 8593124 res/Yt.9.png (OK)
 8593376 res/Yw.9.png (OK)
 8593604 res/Z8.png (OK)
 8594064 res/ZC.xml (OK - compressed)
 8594417 res/ZL.xml (OK - compressed)
 8594862 res/ZM.xml (OK - compressed)
 8595348 res/ZN.9.png (OK)
 8595617 res/ZN.xml (OK - compressed)
 8596150 res/ZW.xml (OK - compressed)
 8597051 res/Zd.xml (OK - compressed)
 8597408 res/Zg.xml (OK - compressed)
 8597828 res/_G.xml (OK - compressed)
 8598092 res/_I.xml (OK - compressed)
 8598411 res/_M.xml (OK - compressed)
 8598851 res/_o.xml (OK - compressed)
 8599080 res/_q.png (OK)
 8599293 res/_y.xml (OK - compressed)
 8599643 res/a0.xml (OK - compressed)
 8600223 res/a1.xml (OK - compressed)
 8600871 res/a5.xml (OK - compressed)
 8601228 res/a7.xml (OK - compressed)
 8601778 res/aG.xml (OK - compressed)
 8602105 res/aJ.xml (OK - compressed)
 8602361 res/aM.xml (OK - compressed)
 8602777 res/aT.xml (OK - compressed)
 8603248 res/aU.9.png (OK)
 8603736 res/aW.xml (OK - compressed)
 8603844 res/aa.xml (OK - compressed)
 8604096 res/ar.png (OK)
 8604527 res/ay.xml (OK - compressed)
 8604812 res/bL.xml (OK - compressed)
 8605275 res/bT.xml (OK - compressed)
 8605736 res/bX.9.png (OK)
 8606020 res/bb.xml (OK - compressed)
 8606306 res/bt.xml (OK - compressed)
 8606775 res/c0.xml (OK - compressed)
 8607022 res/c2.xml (OK - compressed)
 8607395 res/c5.xml (OK - compressed)
 8607622 res/c6.xml (OK - compressed)
 8607848 res/cA.xml (OK - compressed)
 8608446 res/cL.xml (OK - compressed)
 8608847 res/cV.xml (OK - compressed)
 8609148 res/cc.xml (OK - compressed)
 8609531 res/cm.xml (OK - compressed)
 8610088 res/color-night-v8/material_timepicker_button_stroke.xml (OK - compressed)
 8610375 res/color-night-v8/material_timepicker_clockface.xml (OK - compressed)
 8610668 res/color-night-v8/material_timepicker_modebutton_tint.xml (OK - compressed)
 8610935 res/color-v23/abc_btn_colored_borderless_text_material.xml (OK - compressed)
 8611254 res/color-v23/abc_btn_colored_text_material.xml (OK - compressed)
 8611572 res/color-v23/abc_color_highlight_material.xml (OK - compressed)
 8611900 res/color-v23/abc_tint_btn_checkable.xml (OK - compressed)
 8612238 res/color-v23/abc_tint_default.xml (OK - compressed)
 8612673 res/color-v23/abc_tint_edittext.xml (OK - compressed)
 8613025 res/color-v23/abc_tint_seek_thumb.xml (OK - compressed)
 8613330 res/color-v23/abc_tint_spinner.xml (OK - compressed)
 8613684 res/color-v23/abc_tint_switch_track.xml (OK - compressed)
 8614056 res/color-v31/m3_dynamic_dark_default_color_primary_text.xml (OK - compressed)
 8614387 res/color-v31/m3_dynamic_dark_default_color_secondary_text.xml (OK - compressed)
 8614708 res/color-v31/m3_dynamic_dark_highlighted_text.xml (OK - compressed)
 8614988 res/color-v31/m3_dynamic_dark_hint_foreground.xml (OK - compressed)
 8615336 res/color-v31/m3_dynamic_dark_primary_text_disable_only.xml (OK - compressed)
 8615660 res/color-v31/m3_dynamic_default_color_primary_text.xml (OK - compressed)
 8615988 res/color-v31/m3_dynamic_default_color_secondary_text.xml (OK - compressed)
 8616307 res/color-v31/m3_dynamic_highlighted_text.xml (OK - compressed)
 8616583 res/color-v31/m3_dynamic_hint_foreground.xml (OK - compressed)
 8616927 res/color-v31/m3_dynamic_primary_text_disable_only.xml (OK - compressed)
 8617249 res/color-v31/m3_ref_palette_dynamic_neutral12.xml (OK - compressed)
 8617530 res/color-v31/m3_ref_palette_dynamic_neutral17.xml (OK - compressed)
 8617811 res/color-v31/m3_ref_palette_dynamic_neutral22.xml (OK - compressed)
 8618093 res/color-v31/m3_ref_palette_dynamic_neutral24.xml (OK - compressed)
 8618374 res/color-v31/m3_ref_palette_dynamic_neutral4.xml (OK - compressed)
 8618653 res/color-v31/m3_ref_palette_dynamic_neutral6.xml (OK - compressed)
 8618935 res/color-v31/m3_ref_palette_dynamic_neutral87.xml (OK - compressed)
 8619217 res/color-v31/m3_ref_palette_dynamic_neutral92.xml (OK - compressed)
 8619499 res/color-v31/m3_ref_palette_dynamic_neutral94.xml (OK - compressed)
 8619781 res/color-v31/m3_ref_palette_dynamic_neutral96.xml (OK - compressed)
 8620063 res/color-v31/m3_ref_palette_dynamic_neutral98.xml (OK - compressed)
 8620357 res/color/abc_background_cache_hint_selector_material_dark.xml (OK - compressed)
 8620681 res/color/abc_background_cache_hint_selector_material_light.xml (OK - compressed)
 8620989 res/color/abc_hint_foreground_material_dark.xml (OK - compressed)
 8621329 res/color/abc_hint_foreground_material_light.xml (OK - compressed)
 8621678 res/color/abc_primary_text_disable_only_material_dark.xml (OK - compressed)
 8621994 res/color/abc_primary_text_disable_only_material_light.xml (OK - compressed)
 8622296 res/color/abc_primary_text_material_dark.xml (OK - compressed)
 8622600 res/color/abc_primary_text_material_light.xml (OK - compressed)
 8622892 res/color/abc_search_url_text.xml (OK - compressed)
 8623218 res/color/abc_secondary_text_material_dark.xml (OK - compressed)
 8623524 res/color/abc_secondary_text_material_light.xml (OK - compressed)
 8623820 res/color/design_box_stroke_color.xml (OK - compressed)
 8624161 res/color/design_error.xml (OK - compressed)
 8624451 res/color/design_icon_tint.xml (OK - compressed)
 8624725 res/color/m3_appbar_overlay_color.xml (OK - compressed)
 8625005 res/color/m3_assist_chip_icon_tint_color.xml (OK - compressed)
 8625318 res/color/m3_assist_chip_stroke_color.xml (OK - compressed)
 8625727 res/color/m3_button_background_color_selector.xml (OK - compressed)
 8626049 res/color/m3_button_foreground_color_selector.xml (OK - compressed)
 8626367 res/color/m3_button_outline_color_selector.xml (OK - compressed)
 8626681 res/color/m3_button_ripple_color.xml (OK - compressed)
 8627060 res/color/m3_button_ripple_color_selector.xml (OK - compressed)
 8627438 res/color/m3_calendar_item_disabled_text.xml (OK - compressed)
 8627716 res/color/m3_calendar_item_stroke_color.xml (OK - compressed)
 8628067 res/color/m3_card_foreground_color.xml (OK - compressed)
 8628444 res/color/m3_card_ripple_color.xml (OK - compressed)
 8628912 res/color/m3_card_stroke_color.xml (OK - compressed)
 8629393 res/color/m3_checkbox_button_icon_tint.xml (OK - compressed)
 8629806 res/color/m3_checkbox_button_tint.xml (OK - compressed)
 8630245 res/color/m3_chip_assist_text_color.xml (OK - compressed)
 8630552 res/color/m3_chip_background_color.xml (OK - compressed)
 8630894 res/color/m3_chip_ripple_color.xml (OK - compressed)
 8631366 res/color/m3_chip_stroke_color.xml (OK - compressed)
 8631759 res/color/m3_chip_text_color.xml (OK - compressed)
 8632109 res/color/m3_dark_default_color_primary_text.xml (OK - compressed)
 8632429 res/color/m3_dark_default_color_secondary_text.xml (OK - compressed)
 8632739 res/color/m3_dark_highlighted_text.xml (OK - compressed)
 8633008 res/color/m3_dark_hint_foreground.xml (OK - compressed)
 8633345 res/color/m3_dark_primary_text_disable_only.xml (OK - compressed)
 8633659 res/color/m3_default_color_primary_text.xml (OK - compressed)
 8633975 res/color/m3_default_color_secondary_text.xml (OK - compressed)
 8634292 res/color/m3_efab_ripple_color_selector.xml (OK - compressed)
 8634672 res/color/m3_elevated_chip_background_color.xml (OK - compressed)
 8635054 res/color/m3_fab_efab_background_color_selector.xml (OK - compressed)
 8635378 res/color/m3_fab_efab_foreground_color_selector.xml (OK - compressed)
 8635692 res/color/m3_fab_ripple_color_selector.xml (OK - compressed)
 8636084 res/color/m3_filled_icon_button_container_color_selector.xml (OK - compressed)
 8636438 res/color/m3_highlighted_text.xml (OK - compressed)
 8636703 res/color/m3_hint_foreground.xml (OK - compressed)
 8637039 res/color/m3_icon_button_icon_color_selector.xml (OK - compressed)
 8637421 res/color/m3_navigation_bar_item_with_indicator_icon_tint.xml (OK - compressed)
 8637852 res/color/m3_navigation_bar_item_with_indicator_label_tint.xml (OK - compressed)
 8638270 res/color/m3_navigation_bar_ripple_color_selector.xml (OK - compressed)
 8638710 res/color/m3_navigation_item_background_color.xml (OK - compressed)
 8639037 res/color/m3_navigation_item_icon_tint.xml (OK - compressed)
 8639494 res/color/m3_navigation_item_ripple_color.xml (OK - compressed)
 8639945 res/color/m3_navigation_item_text_color.xml (OK - compressed)
 8640420 res/color/m3_navigation_rail_item_with_indicator_icon_tint.xml (OK - compressed)
 8640739 res/color/m3_navigation_rail_item_with_indicator_label_tint.xml (OK - compressed)
 8641050 res/color/m3_navigation_rail_ripple_color_selector.xml (OK - compressed)
 8641486 res/color/m3_popupmenu_overlay_color.xml (OK - compressed)
 8641764 res/color/m3_primary_text_disable_only.xml (OK - compressed)
 8642076 res/color/m3_radiobutton_button_tint.xml (OK - compressed)
 8642547 res/color/m3_radiobutton_ripple_tint.xml (OK - compressed)
 8643012 res/color/m3_selection_control_ripple_color_selector.xml (OK - compressed)
 8643461 res/color/m3_simple_item_ripple_color.xml (OK - compressed)
 8643832 res/color/m3_slider_active_track_color.xml (OK - compressed)
 8644136 res/color/m3_slider_halo_color.xml (OK - compressed)
 8644460 res/color/m3_slider_inactive_track_color.xml (OK - compressed)
 8644766 res/color/m3_slider_thumb_color.xml (OK - compressed)
 8645072 res/color/m3_switch_thumb_tint.xml (OK - compressed)
 8645389 res/color/m3_switch_track_tint.xml (OK - compressed)
 8645723 res/color/m3_tabs_icon_color.xml (OK - compressed)
 8646068 res/color/m3_tabs_icon_color_secondary.xml (OK - compressed)
 8646403 res/color/m3_tabs_ripple_color.xml (OK - compressed)
 8646858 res/color/m3_tabs_ripple_color_secondary.xml (OK - compressed)
 8647291 res/color/m3_tabs_text_color.xml (OK - compressed)
 8647636 res/color/m3_tabs_text_color_secondary.xml (OK - compressed)
 8647991 res/color/m3_text_button_background_color_selector.xml (OK - compressed)
 8648318 res/color/m3_text_button_foreground_color_selector.xml (OK - compressed)
 8648702 res/color/m3_text_button_ripple_color_selector.xml (OK - compressed)
 8649232 res/color/m3_textfield_filled_background_color.xml (OK - compressed)
 8649552 res/color/m3_textfield_indicator_text_color.xml (OK - compressed)
 8649963 res/color/m3_textfield_input_text_color.xml (OK - compressed)
 8650333 res/color/m3_textfield_label_color.xml (OK - compressed)
 8650678 res/color/m3_textfield_stroke_color.xml (OK - compressed)
 8651064 res/color/m3_timepicker_button_background_color.xml (OK - compressed)
 8651386 res/color/m3_timepicker_button_ripple_color.xml (OK - compressed)
 8651860 res/color/m3_timepicker_button_text_color.xml (OK - compressed)
 8652235 res/color/m3_timepicker_clock_text_color.xml (OK - compressed)
 8652545 res/color/m3_timepicker_display_background_color.xml (OK - compressed)
 8652850 res/color/m3_timepicker_display_ripple_color.xml (OK - compressed)
 8653302 res/color/m3_timepicker_display_text_color.xml (OK - compressed)
 8653669 res/color/m3_timepicker_secondary_text_button_ripple_color.xml (OK - compressed)
 8654062 res/color/m3_timepicker_secondary_text_button_text_color.xml (OK - compressed)
 8654390 res/color/m3_timepicker_time_input_stroke_color.xml (OK - compressed)
 8654701 res/color/m3_tonal_button_ripple_color_selector.xml (OK - compressed)
 8655070 res/color/material_cursor_color.xml (OK - compressed)
 8655315 res/color/material_divider_color.xml (OK - compressed)
 8655595 res/color/material_on_background_disabled.xml (OK - compressed)
 8655886 res/color/material_on_background_emphasis_high_type.xml (OK - compressed)
 8656174 res/color/material_on_background_emphasis_medium.xml (OK - compressed)
 8656452 res/color/material_on_primary_disabled.xml (OK - compressed)
 8656740 res/color/material_on_primary_emphasis_high_type.xml (OK - compressed)
 8657025 res/color/material_on_primary_emphasis_medium.xml (OK - compressed)
 8657303 res/color/material_on_surface_disabled.xml (OK - compressed)
 8657586 res/color/material_on_surface_emphasis_high_type.xml (OK - compressed)
 8657866 res/color/material_on_surface_emphasis_medium.xml (OK - compressed)
 8658137 res/color/material_on_surface_stroke.xml (OK - compressed)
 8658425 res/color/material_personalized__highlighted_text.xml (OK - compressed)
 8658717 res/color/material_personalized__highlighted_text_inverse.xml (OK - compressed)
 8659002 res/color/material_personalized_color_primary_text.xml (OK - compressed)
 8659333 res/color/material_personalized_color_primary_text_inverse.xml (OK - compressed)
 8659659 res/color/material_personalized_color_secondary_text.xml (OK - compressed)
 8659994 res/color/material_personalized_color_secondary_text_inverse.xml (OK - compressed)
 8660319 res/color/material_personalized_hint_foreground.xml (OK - compressed)
 8660667 res/color/material_personalized_hint_foreground_inverse.xml (OK - compressed)
 8661025 res/color/material_personalized_primary_inverse_text_disable_only.xml (OK - compressed)
 8661357 res/color/material_personalized_primary_text_disable_only.xml (OK - compressed)
 8661680 res/color/material_slider_active_tick_marks_color.xml (OK - compressed)
 8662013 res/color/material_slider_active_track_color.xml (OK - compressed)
 8662328 res/color/material_slider_halo_color.xml (OK - compressed)
 8662663 res/color/material_slider_inactive_tick_marks_color.xml (OK - compressed)
 8662999 res/color/material_slider_inactive_track_color.xml (OK - compressed)
 8663323 res/color/material_slider_thumb_color.xml (OK - compressed)
 8663651 res/color/material_timepicker_button_background.xml (OK - compressed)
 8663977 res/color/material_timepicker_button_stroke.xml (OK - compressed)
 8664263 res/color/material_timepicker_clock_text_color.xml (OK - compressed)
 8664563 res/color/material_timepicker_clockface.xml (OK - compressed)
 8664846 res/color/material_timepicker_modebutton_tint.xml (OK - compressed)
 8665119 res/color/mtrl_btn_bg_color_selector.xml (OK - compressed)
 8665430 res/color/mtrl_btn_ripple_color.xml (OK - compressed)
 8665828 res/color/mtrl_btn_stroke_color_selector.xml (OK - compressed)
 8666157 res/color/mtrl_btn_text_btn_bg_color_selector.xml (OK - compressed)
 8666480 res/color/mtrl_btn_text_btn_ripple_color.xml (OK - compressed)
 8666873 res/color/mtrl_btn_text_color_selector.xml (OK - compressed)
 8667197 res/color/mtrl_calendar_item_stroke_color.xml (OK - compressed)
 8667584 res/color/mtrl_calendar_selected_range.xml (OK - compressed)
 8667859 res/color/mtrl_card_view_foreground.xml (OK - compressed)
 8668233 res/color/mtrl_card_view_ripple.xml (OK - compressed)
 8668617 res/color/mtrl_chip_background_color.xml (OK - compressed)
 8669001 res/color/mtrl_chip_close_icon_tint.xml (OK - compressed)
 8669417 res/color/mtrl_chip_surface_color.xml (OK - compressed)
 8669660 res/color/mtrl_chip_text_color.xml (OK - compressed)
 8669992 res/color/mtrl_choice_chip_background_color.xml (OK - compressed)
 8670381 res/color/mtrl_choice_chip_ripple_color.xml (OK - compressed)
 8670776 res/color/mtrl_choice_chip_text_color.xml (OK - compressed)
 8671139 res/color/mtrl_error.xml (OK - compressed)
 8671438 res/color/mtrl_fab_bg_color_selector.xml (OK - compressed)
 8671762 res/color/mtrl_fab_icon_text_color_selector.xml (OK - compressed)
 8672073 res/color/mtrl_fab_ripple_color.xml (OK - compressed)
 8672467 res/color/mtrl_filled_background_color.xml (OK - compressed)
 8672842 res/color/mtrl_filled_icon_tint.xml (OK - compressed)
 8673195 res/color/mtrl_filled_stroke_color.xml (OK - compressed)
 8673584 res/color/mtrl_indicator_text_color.xml (OK - compressed)
 8673917 res/color/mtrl_navigation_bar_colored_item_tint.xml (OK - compressed)
 8674249 res/color/mtrl_navigation_bar_colored_ripple_color.xml (OK - compressed)
 8674655 res/color/mtrl_navigation_bar_item_tint.xml (OK - compressed)
 8674980 res/color/mtrl_navigation_bar_ripple_color.xml (OK - compressed)
 8675479 res/color/mtrl_navigation_item_background_color.xml (OK - compressed)
 8675829 res/color/mtrl_navigation_item_icon_tint.xml (OK - compressed)
 8676183 res/color/mtrl_navigation_item_text_color.xml (OK - compressed)
 8676550 res/color/mtrl_on_primary_text_btn_text_color_selector.xml (OK - compressed)
 8676866 res/color/mtrl_on_surface_ripple_color.xml (OK - compressed)
 8677233 res/color/mtrl_outlined_icon_tint.xml (OK - compressed)
 8677588 res/color/mtrl_outlined_stroke_color.xml (OK - compressed)
 8677980 res/color/mtrl_popupmenu_overlay_color.xml (OK - compressed)
 8678257 res/color/mtrl_switch_thumb_icon_tint.xml (OK - compressed)
 8678616 res/color/mtrl_switch_thumb_tint.xml (OK - compressed)
 8679030 res/color/mtrl_switch_track_decoration_tint.xml (OK - compressed)
 8679373 res/color/mtrl_switch_track_tint.xml (OK - compressed)
 8679735 res/color/mtrl_tabs_colored_ripple_color.xml (OK - compressed)
 8680141 res/color/mtrl_tabs_icon_color_selector.xml (OK - compressed)
 8680465 res/color/mtrl_tabs_icon_color_selector_colored.xml (OK - compressed)
 8680787 res/color/mtrl_tabs_legacy_text_color_selector.xml (OK - compressed)
 8681081 res/color/mtrl_tabs_ripple_color.xml (OK - compressed)
 8681576 res/color/mtrl_text_btn_text_color_selector.xml (OK - compressed)
 8681968 res/color/switch_thumb_material_dark.xml (OK - compressed)
 8682269 res/color/switch_thumb_material_light.xml (OK - compressed)
 8682539 res/cv.xml (OK - compressed)
 8683622 res/cy.xml (OK - compressed)
 8683983 res/d2.xml (OK - compressed)
 8684232 res/d3.png (OK)
 8684708 res/d5.9.png (OK)
 8685599 res/dC.xml (OK - compressed)
 8685952 res/dO.xml (OK - compressed)
 8687091 res/dS.xml (OK - compressed)
 8687748 res/dW.png (OK)
 8688056 res/dY.png (OK)
 8688500 res/df.xml (OK - compressed)
 8688794 res/dj.xml (OK - compressed)
 8689154 res/dw.xml (OK - compressed)
 8689818 res/e0.xml (OK - compressed)
 8690179 res/eA.xml (OK - compressed)
 8690932 res/eH.xml (OK - compressed)
 8691358 res/eH1.xml (OK - compressed)
 8691759 res/eK.xml (OK - compressed)
 8692053 res/eK1.xml (OK - compressed)
 8692405 res/eM.xml (OK - compressed)
 8692692 res/eR.png (OK)
 8693092 res/eT.9.png (OK)
 8693450 res/eZ.xml (OK - compressed)
 8693784 res/ec.xml (OK - compressed)
 8694332 res/ej.9.png (OK)
 8694539 res/ej.xml (OK - compressed)
 8694840 res/ev.9.png (OK)
 8695108 res/f6.xml (OK - compressed)
 8695452 res/fM.9.png (OK)
 8696317 res/fW.xml (OK - compressed)
 8696724 res/f_.xml (OK - compressed)
 8697086 res/fd.xml (OK - compressed)
 8697476 res/fg.xml (OK - compressed)
 8697863 res/fp.xml (OK - compressed)
 8698117 res/fu.xml (OK - compressed)
 8698716 res/g-.png (OK)
 8699341 res/g3.xml (OK - compressed)
 8699556 res/gC.xml (OK - compressed)
 8699953 res/gD.xml (OK - compressed)
 8700236 res/gG.xml (OK - compressed)
 8700804 res/gK.9.png (OK)
 8701059 res/gR.xml (OK - compressed)
 8701320 res/gZ.9.png (OK)
 8701888 res/gj.9.png (OK)
 8702168 res/gt.9.png (OK)
 8702413 res/h4.xml (OK - compressed)
 8703096 res/h7.9.png (OK)
 8704232 res/hP.xml (OK - compressed)
 8704718 res/hP1.xml (OK - compressed)
 8705372 res/hZ.9.png (OK)
 8705579 res/hb.xml (OK - compressed)
 8706037 res/hc.xml (OK - compressed)
 8706400 res/hh.9.png (OK)
 8706652 res/hq.xml (OK - compressed)
 8707025 res/hu.xml (OK - compressed)
 8707432 res/hv.xml (OK - compressed)
 8707884 res/i6.9.png (OK)
 8708110 res/iI.xml (OK - compressed)
 8708336 res/iO.png (OK)
 8708604 res/iQ.xml (OK - compressed)
 8709072 res/iR.9.png (OK)
 8709596 res/iZ.xml (OK - compressed)
 8710766 res/iZ1.xml (OK - compressed)
 8711212 res/iZ2.xml (OK - compressed)
 8711436 res/io.9.png (OK)
 8713002 res/j3.xml (OK - compressed)
 8713396 res/j4.png (OK)
 8714224 res/jS.9.png (OK)
 8714504 res/jS1.9.png (OK)
 8714712 res/jW.png (OK)
 8715508 res/je.9.png (OK)
 8715760 res/k0.xml (OK - compressed)
 8716470 res/k8.xml (OK - compressed)
 8717163 res/k81.xml (OK - compressed)
 8717614 res/k9.xml (OK - compressed)
 8717940 res/kJ.9.png (OK)
 8718188 res/kN.xml (OK - compressed)
 8718451 res/k_.xml (OK - compressed)
 8718749 res/kg.xml (OK - compressed)
 8719226 res/kh.xml (OK - compressed)
 8719495 res/kj.xml (OK - compressed)
 8720266 res/kn.xml (OK - compressed)
 8720648 res/kp.png (OK)
 8720912 res/lE.xml (OK - compressed)
 8721279 res/lN.xml (OK - compressed)
 8721512 res/lP.9.png (OK)
 8721746 res/lR.xml (OK - compressed)
 8722045 res/lv.xml (OK - compressed)
 8722532 res/ly.png (OK)
 8722844 res/m0.png (OK)
 8723151 res/mA.xml (OK - compressed)
 8723680 res/mm.9.png (OK)
 8724065 res/n0.xml (OK - compressed)
 8724388 res/nI.9.png (OK)
 8724635 res/nL.xml (OK - compressed)
 8724922 res/nT.xml (OK - compressed)
 8725369 res/nX.xml (OK - compressed)
 8725788 res/nf.png (OK)
 8727036 res/nl.xml (OK - compressed)
 8727611 res/nm.xml (OK - compressed)
 8727963 res/no.xml (OK - compressed)
 8728359 res/nu.xml (OK - compressed)
 8728695 res/nz.xml (OK - compressed)
 8728992 res/o9.9.png (OK)
 8729292 res/oP.xml (OK - compressed)
 8729673 res/oY.xml (OK - compressed)
 8730320 res/o_.9.png (OK)
 8730612 res/o_.png (OK)
 8731303 res/oa.xml (OK - compressed)
 8731688 res/op.9.png (OK)
 8732014 res/p0.xml (OK - compressed)
 8732706 res/pF.xml (OK - compressed)
 8733122 res/pU.xml (OK - compressed)
 8733380 res/pY.png (OK)
 8733528 res/pk.png (OK)
 8733843 res/pn.xml (OK - compressed)
 8734204 res/ps.9.png (OK)
 8734422 res/pw.xml (OK - compressed)
 8734968 res/py.9.png (OK)
 8735225 res/q6.xml (OK - compressed)
 8735660 res/qA.xml (OK - compressed)
 8735968 res/qD.9.png (OK)
 8738842 res/qS.xml (OK - compressed)
 8739132 res/qp.png (OK)
 8739369 res/qx.xml (OK - compressed)
 8740151 res/qz.xml (OK - compressed)
 8740622 res/rI.xml (OK - compressed)
 8741043 res/rJ.xml (OK - compressed)
 8741417 res/rW.xml (OK - compressed)
 8741761 res/rY.xml (OK - compressed)
 8742098 res/rd.xml (OK - compressed)
 8742444 res/rj.9.png (OK)
 8743582 res/rx.xml (OK - compressed)
 8743922 res/rz.xml (OK - compressed)
 8744192 res/s0.png (OK)
 8744640 res/s3.9.png (OK)
 8744928 res/s4.png (OK)
 8745068 res/sA.9.png (OK)
 8745320 res/sA.xml (OK - compressed)
 8745590 res/sO.xml (OK - compressed)
 8745994 res/sS.xml (OK - compressed)
 8746313 res/sX.xml (OK - compressed)
 8746640 res/sg.9.png (OK)
 8746906 res/sl.xml (OK - compressed)
 8747379 res/sn.xml (OK - compressed)
 8747633 res/sq.xml (OK - compressed)
 8747968 res/t8.xml (OK - compressed)
 8748328 res/tG.png (OK)
 8748844 res/tI.xml (OK - compressed)
 8749140 res/tL.xml (OK - compressed)
 8749504 res/tS.png (OK)
 8749865 res/tS.xml (OK - compressed)
 8750208 res/tU.9.png (OK)
 8750460 res/tZ.9.png (OK)
 8750700 res/te.png (OK)
 8751018 res/te.xml (OK - compressed)
 8751268 res/tp.xml (OK - compressed)
 8751564 res/u0.xml (OK - compressed)
 8752004 res/u3.png (OK)
 8752557 res/uJ.xml (OK - compressed)
 8753032 res/uL.9.png (OK)
 8754038 res/uR.xml (OK - compressed)
 8754602 res/ua.xml (OK - compressed)
 8754940 res/uj.9.png (OK)
 8755180 res/ut.9.png (OK)
 8755976 res/uu.9.png (OK)
 8756220 res/v-.xml (OK - compressed)
 8756732 res/v4.9.png (OK)
 8756980 res/vG.xml (OK - compressed)
 8757618 res/vH.xml (OK - compressed)
 8757951 res/vJ.xml (OK - compressed)
 8758276 res/vL.9.png (OK)
 8758539 res/vR.xml (OK - compressed)
 8758804 res/vT.xml (OK - compressed)
 8759032 res/vZ.xml (OK - compressed)
 8759289 res/vf.xml (OK - compressed)
 8759618 res/vl.xml (OK - compressed)
 8760185 res/vq.xml (OK - compressed)
 8760764 res/vz.9.png (OK)
 8760985 res/vz.xml (OK - compressed)
 8761235 res/w9.xml (OK - compressed)
 8761512 res/wL.9.png (OK)
 8761992 res/wN.9.png (OK)
 8762257 res/wP.xml (OK - compressed)
 8762612 res/w_.png (OK)
 8762868 res/x3.9.png (OK)
 8763120 res/xH.png (OK)
 8763346 res/xN.xml (OK - compressed)
 8764175 res/xQ.xml (OK - compressed)
 8764664 res/xR.9.png (OK)
 8764900 res/xa.9.png (OK)
 8765161 res/xa.xml (OK - compressed)
 8765724 res/xd.xml (OK - compressed)
 8766438 res/xj.xml (OK - compressed)
 8766730 res/y-.xml (OK - compressed)
 8766998 res/y4.xml (OK - compressed)
 8767256 res/yH.9.png (OK)
 8767480 res/yO.xml (OK - compressed)
 8767731 res/yT.xml (OK - compressed)
 8768054 res/yV.xml (OK - compressed)
 8768392 res/yY.9.png (OK)
 8768618 res/ya.xml (OK - compressed)
 8768980 res/yg.9.png (OK)
 8769420 res/z-.9.png (OK)
 8769684 res/z9.9.png (OK)
 8770144 res/zE.png (OK)
 8770508 res/zG.xml (OK - compressed)
 8770828 res/zR.xml (OK - compressed)
 8771324 res/zV.9.png (OK)
 8773827 res/zc.xml (OK - compressed)
 8774278 res/zp.xml (OK - compressed)
 8774537 res/zq.xml (OK - compressed)
 8774852 resources.arsc (OK)
Verification succesful
Signing with keystore (alias=release)
Verifying signed APK...
Signer #1 certificate DN: CN=Celeste, OU=Dev, O=Imshisui, L=Unknown, ST=Unknown, C=US
Signer #1 certificate SHA-256 digest: fd7843d8b424bc1edcf40028b96f5c3cd58daea0c36a8eea6e37f464eb5b0f07
Signer #1 certificate SHA-1 digest: 6ba1d44a9eb5c7c07be8c428eb0219a54fc70b39
Signer #1 certificate MD5 digest: 36debc845a560603159d8be125ef9dd2
-rw-rw-rw- 1 codespace codespace 9.3M Jan 30 18:47 /workspaces/Ciro/apkfinal/app-release-aligned.apk
-rw-rw-rw- 1 codespace codespace 9.4M Jan 30 18:47 /workspaces/Ciro/apkfinal/app-release-signed.apk
-rw-rw-rw- 1 codespace codespace 9.3M Jan 30 18:47 /workspaces/Ciro/apkfinal/app-release-unsigned.apk
